2016-10-25 14:32:14 [main] INFO :: Inside set up method of before hook
2016-10-25 15:21:31 [main] INFO :: Inside set up method of before hook
2016-10-25 15:26:41 [main] INFO :: Inside set up method of before hook
2016-10-25 15:33:39 [main] INFO :: Inside set up method of before hook
2016-10-25 15:43:19 [main] INFO :: Inside set up method of before hook
2016-10-25 15:43:19 [main] ERROR:: This is error message
2016-10-25 15:46:20 [main] INFO :: Inside set up method of before hook
2016-10-25 15:46:53 [main] INFO :: Inside set up method of before hook
2016-10-25 15:48:21 [main] ERROR:: Not able to open Home Page null
2016-10-26 12:47:56 [main] INFO :: Inside set up method of before hook
2016-10-26 12:49:53 [main] INFO :: Inside set up method of before hook
2016-10-26 12:51:21 [main] INFO :: Inside set up method of before hook
2016-10-26 12:52:24 [main] INFO :: Inside set up method of before hook
2016-10-26 12:53:36 [stepDefinitions.AttachHooks] INFO :: Inside set up method of before hook
2016-10-26 12:56:17 [stepDefinitions.AttachHooks] INFO :: Inside set up method of before hook
2016-10-26 13:02:15 [stepDefinitions.AttachHooks] INFO :: Inside set up method of before hook
2016-10-26 13:03:13 [pages.LoginPage] ERROR:: 
2016-10-26 13:05:42 [stepDefinitions.AttachHooks] INFO :: Inside set up method of before hook
2016-10-26 13:41:16 [stepDefinitions.AttachHooks] INFO :: Inside set up method of before hook
2016-10-26 13:41:51 [pages.LoginPage] ERROR:: [Ljava.lang.StackTraceElement;@75e91545
2016-10-26 13:41:52 [stepDefinitions.AttachHooks] INFO :: Inside set up method of before hook
2016-10-26 13:42:24 [pages.LoginPage] ERROR:: [Ljava.lang.StackTraceElement;@9ed238c
2016-10-26 13:43:33 [stepDefinitions.AttachHooks] INFO :: Inside set up method of before hook
2016-10-26 13:44:07 [pages.LoginPage] ERROR:: Element not visible
Build info: version: '2.53.0', revision: '35ae25b1534ae328c771e0856c93e187490ca824', time: '2016-03-15 10:43:46'
System info: host: 'XE-T-VIPULJ', ip: '192.168.170.2', os.name: 'Windows 10', os.arch: 'amd64', os.version: '10.0', java.version: '1.8.0_101'
Driver info: driver.version: unknown
2016-10-26 13:44:08 [stepDefinitions.AttachHooks] INFO :: Inside set up method of before hook
2016-10-26 13:44:41 [pages.LoginPage] ERROR:: Element not visible
Build info: version: '2.53.0', revision: '35ae25b1534ae328c771e0856c93e187490ca824', time: '2016-03-15 10:43:46'
System info: host: 'XE-T-VIPULJ', ip: '192.168.170.2', os.name: 'Windows 10', os.arch: 'amd64', os.version: '10.0', java.version: '1.8.0_101'
Driver info: driver.version: unknown
2016-10-26 14:01:11 [stepDefinitions.AttachHooks] INFO :: Inside set up method of before hook
2016-10-26 14:02:28 [pages.LoginPage] ERROR:: topframe not visible
Build info: version: '2.53.0', revision: '35ae25b1534ae328c771e0856c93e187490ca824', time: '2016-03-15 10:43:46'
System info: host: 'XE-T-VIPULJ', ip: '192.168.170.2', os.name: 'Windows 10', os.arch: 'amd64', os.version: '10.0', java.version: '1.8.0_101'
Driver info: driver.version: unknown
2016-10-26 14:02:33 [stepDefinitions.AttachHooks] INFO :: Inside set up method of before hook
2016-10-26 14:03:24 [pages.LoginPage] ERROR:: topframe not visible
Build info: version: '2.53.0', revision: '35ae25b1534ae328c771e0856c93e187490ca824', time: '2016-03-15 10:43:46'
System info: host: 'XE-T-VIPULJ', ip: '192.168.170.2', os.name: 'Windows 10', os.arch: 'amd64', os.version: '10.0', java.version: '1.8.0_101'
Driver info: driver.version: unknown
2016-11-02 13:56:54 [stepDefinitions.AttachHooks] INFO :: Inside set up method of before hook
2016-11-02 14:09:33 [stepDefinitions.AttachHooks] INFO :: Inside set up method of before hook
2016-11-02 14:09:43 [pages.LoginPage] ERROR:: topframe not visible
Build info: version: '2.53.0', revision: '35ae25b1534ae328c771e0856c93e187490ca824', time: '2016-03-15 10:43:46'
System info: host: 'XE-T-VIPULJ', ip: '192.168.170.2', os.name: 'Windows 10', os.arch: 'amd64', os.version: '10.0', java.version: '1.8.0_101'
Driver info: driver.version: unknown
2016-11-02 14:09:44 [stepDefinitions.AttachHooks] INFO :: Inside set up method of before hook
2016-11-02 14:09:53 [pages.LoginPage] ERROR:: topframe not visible
Build info: version: '2.53.0', revision: '35ae25b1534ae328c771e0856c93e187490ca824', time: '2016-03-15 10:43:46'
System info: host: 'XE-T-VIPULJ', ip: '192.168.170.2', os.name: 'Windows 10', os.arch: 'amd64', os.version: '10.0', java.version: '1.8.0_101'
Driver info: driver.version: unknown
2016-11-03 12:25:52 [stepDefinitions.AttachHooks] INFO :: Inside set up method of before hook
2016-11-03 12:26:21 [stepDefinitions.AttachHooks] INFO :: Inside set up method of before hook
2016-11-03 12:26:26 [pages.LoginPage] ERROR:: topframe not visible
Build info: version: '2.53.0', revision: '35ae25b1534ae328c771e0856c93e187490ca824', time: '2016-03-15 10:43:46'
System info: host: 'XE-T-VIPULJ', ip: '192.168.170.2', os.name: 'Windows 10', os.arch: 'amd64', os.version: '10.0', java.version: '1.8.0_101'
Driver info: driver.version: unknown
2016-11-03 12:26:28 [stepDefinitions.AttachHooks] INFO :: Inside set up method of before hook
2016-11-03 12:45:31 [stepDefinitions.AttachHooks] INFO :: Inside set up method of before hook
2016-11-03 12:46:02 [pages.LoginPage] ERROR:: topframe not visible
Build info: version: '2.53.0', revision: '35ae25b1534ae328c771e0856c93e187490ca824', time: '2016-03-15 10:43:46'
System info: host: 'XE-T-VIPULJ', ip: '192.168.170.2', os.name: 'Windows 10', os.arch: 'amd64', os.version: '10.0', java.version: '1.8.0_101'
Driver info: driver.version: unknown
2016-11-08 11:47:03 [main] INFO :: Inside set up method of before hook
2016-11-08 11:47:36 [main] INFO :: Inside set up method of before hook
2016-11-08 11:48:12 [main] INFO :: Inside set up method of before hook
2016-11-08 11:48:34 [main] INFO :: Draw Game Is Selected
2016-11-08 11:48:34 [main] INFO :: Lucky Number Game Is Selected
2016-11-08 11:48:35 [main] INFO :: Inside set up method of before hook
2016-11-08 11:48:55 [main] INFO :: Draw Game Is Selected
2016-11-08 11:48:55 [main] INFO :: Lucky Number Game Is Selected
2016-11-08 11:48:55 [main] INFO :: perm1 is selected
2016-11-08 11:48:58 [main] INFO :: Inside set up method of before hook
2016-11-08 12:09:51 [stepDefinitions.AttachHooks] INFO :: Inside set up method of before hook
2016-11-08 12:09:59 [stepDefinitions.AttachHooks] INFO :: Inside set up method of before hook
2016-11-08 12:10:04 [stepDefinitions.AttachHooks] INFO :: Inside set up method of before hook
2016-11-08 12:11:07 [stepDefinitions.AttachHooks] INFO :: Inside set up method of before hook
2016-11-08 12:29:37 [stepDefinitions.AttachHooks] INFO :: Inside set up method of before hook
2016-11-08 12:29:45 [stepDefinitions.AttachHooks] INFO :: Inside set up method of before hook
2016-11-08 12:29:50 [stepDefinitions.AttachHooks] INFO :: Inside set up method of before hook
2016-11-08 12:29:57 [stepDefinitions.AttachHooks] INFO :: Inside set up method of before hook
2016-11-08 12:30:05 [stepDefinitions.AttachHooks] INFO :: Inside set up method of before hook
2016-11-08 12:30:12 [stepDefinitions.AttachHooks] INFO :: Inside set up method of before hook
2016-11-08 13:01:20 [main] INFO :: Inside set up method of before hook
2016-11-08 13:01:59 [main] INFO :: Inside set up method of before hook
